\BOOKMARK [1][]{section*.3}{\376\377\000\332\000v\000o\000d}{}% 1
\BOOKMARK [1][]{section.4}{\376\377\000P\000o\000u\001\176\000i\000t\000\351\000\040\000m\000e\000t\000\363\000d\000y}{}% 2
\BOOKMARK [2][]{subsection.5}{\376\377\000K\000o\000n\000v\000o\000l\000u\001\015\000n\000\351\000\040\000n\000e\000u\000r\000\363\000n\000o\000v\000\351\000\040\000s\000i\000e\000t\000e}{section.4}% 3
\BOOKMARK [2][]{subsection.6}{\376\377\000M\000e\000t\000r\000i\000k\000y}{section.4}% 4
\BOOKMARK [1][]{section.7}{\376\377\000N\000\341\000v\000r\000h\000\040\000r\000i\000e\001\141\000e\000n\000i\000a}{}% 5
\BOOKMARK [2][]{subsection.8}{\376\377\001\140\000t\000r\000u\000k\000t\000\372\000r\000a\000\040\000d\000\341\000t}{section.7}% 6
\BOOKMARK [2][]{subsection.13}{\376\377\000N\000a\000v\000r\000h\000n\000u\000t\000\351\000\040\000a\000r\000c\000h\000i\000t\000e\000k\000t\000\372\000r\000y}{section.7}% 7
\BOOKMARK [2][]{subsection.15}{\376\377\000E\000x\000p\000e\000r\000i\000m\000e\000n\000t\000y}{section.7}% 8
\BOOKMARK [1][]{section.17}{\376\377\000I\000m\000p\000l\000e\000m\000e\000n\000t\000\341\000c\000i\000a}{}% 9
\BOOKMARK [2][]{subsection.18}{\376\377\000P\000r\000e\000d\000s\000p\000r\000a\000c\000o\000v\000a\000n\000i\000e\000\040\000d\000\341\000t}{section.17}% 10
\BOOKMARK [2][]{subsection.19}{\376\377\000A\000r\000c\000h\000i\000t\000e\000k\000t\000\372\000r\000y\000\040\000C\000N\000N}{section.17}% 11
\BOOKMARK [2][]{subsection.20}{\376\377\000A\000u\000t\000o\000m\000a\000t\000i\000z\000\341\000c\000i\000a\000\040\000e\000x\000p\000e\000r\000i\000m\000e\000n\000t\000o\000v}{section.17}% 12
\BOOKMARK [2][]{subsection.21}{\376\377\000V\000y\000h\000o\000d\000n\000o\000t\000e\000n\000i\000e\000\040\000m\000o\000d\000e\000l\000o\000v}{section.17}% 13
\BOOKMARK [2][]{subsection.22}{\376\377\000P\000o\000u\001\176\000i\000t\000\375\000\040\000H\000W}{section.17}% 14
\BOOKMARK [1][]{section.23}{\376\377\000V\000\375\000s\000l\000e\000d\000k\000y}{}% 15
\BOOKMARK [2][]{subsection.24}{\376\377\000V\000p\000l\000y\000v\000\040\000h\000y\000p\000e\000r\000p\000a\000r\000a\000m\000e\000t\000r\000o\000v\000\040\000n\000a\000\040\000v\000\375\000s\000l\000e\000d\000k\000y}{section.23}% 16
\BOOKMARK [2][]{subsection.26}{\376\377\000V\000y\000h\000o\000d\000n\000o\000t\000e\000n\000i\000e\000\040\000j\000e\000d\000n\000o\000t\000l\000i\000v\000\375\000c\000h\000\040\000a\000r\000c\000h\000i\000t\000e\000k\000t\000\372\000r}{section.23}% 17
\BOOKMARK [3][]{subsubsection.27}{\376\377\000A\000r\000c\000h\000i\000t\000e\000k\000t\000\372\000r\000a\000\040\000s\000m\000a\000l\000l}{subsection.26}% 18
\BOOKMARK [3][]{subsubsection.29}{\376\377\000A\000r\000c\000h\000i\000t\000e\000k\000t\000\372\000r\000a\000\040\000m\000e\000d\000i\000u\000m}{subsection.26}% 19
\BOOKMARK [3][]{subsubsection.31}{\376\377\000A\000r\000c\000h\000i\000t\000e\000k\000t\000\372\000r\000a\000\040\000L\000a\000r\000g\000e}{subsection.26}% 20
\BOOKMARK [2][]{subsection.33}{\376\377\000P\000o\000r\000o\000v\000n\000a\000n\000i\000e\000\040\000A\000r\000c\000h\000i\000t\000e\000k\000t\000\372\000r}{section.23}% 21
\BOOKMARK [2][]{subsection.35}{\376\377\000V\000p\000l\000y\000v\000\040\000z\000m\000e\000n\000y\000\040\000v\000e\000l\000k\000s\000o\000t\000i\000\040\000v\000s\000t\000u\000p\000n\000\375\000c\000h\000\040\000o\000b\000\341\000z\000k\000o\000v\000\040}{section.23}% 22
\BOOKMARK [2][]{subsection.38}{\376\377\000N\000a\000j\000l\000e\000p\001\141\000\355\000\040\000m\000o\000d\000e\000l}{section.23}% 23
\BOOKMARK [2][]{subsection.39}{\376\377\000D\000a\000l\001\141\000i\000e\000\040\000d\000o\000b\000r\000\351\000\040\000m\000o\000d\000e\000l\000y}{section.23}% 24
\BOOKMARK [1][]{section*.41}{\376\377\000Z\000\341\000v\000e\000r}{}% 25
\BOOKMARK [1][]{section*.42}{\376\377\000Z\000o\000z\000n\000a\000m\000\040\000p\000o\000u\001\176\000i\000t\000e\000j\000\040\000l\000i\000t\000e\000r\000a\000t\000\372\000r\000y}{}% 26
